244598
157464
146652
187712
293867
465114
287383
362888
324129
229345
338006
642685
394266
405144
361997
737404
467569
546870
325285
531607
407807
631547
345944
356513
327447
394426
264305
642988
199048
543424
379958
467627
377368
246663
461352
707519
252534
286727
576444
173550
467316
371268
412818
233874
843337
212028
239741
237589
429118
946590
111677
318719
893322
165740
117466
270824
129908
277672
205658
312040
391493
590454
368802
413757
457469
426830
438796
300212
499830
327676
612343
594873
600084
460895
92832
339589
203066
464633
660351
575352
282927
316228
815058
507434
412913
122925
235765
709820
564649
623148
649741
652945
683333
698859
44965
540110
502645
170358
596246
359348
