26322
22407
53323
67268
65287
25652
51288
61108
50802
21821
48967
48596
30847
74265
44696
34771
31402
45239
64135
9849
46877
36910
12732
33014
53455
18016
53227
28219
86629
46216
75155
43380
21146
60100
43474
39675
55885
45179
46756
31629
34643
57641
45666
51455
40149
17025
46878
13782
54652
26194
35058
46444
17231
47224
29819
49226
29340
20781
16968
19614
36676
16034
49646
19843
42670
31128
55958
61399
17145
35944
27250
38009
20314
45443
29069
43441
46995
27869
50701
41670
36347
35293
50726
28882
26650
49119
24973
55157
64595
69640
63806
34079
73154
77221
12662
51003
41227
71776
72118
31787
